<?xml version="1.0" encoding="UTF-8"?>
<testsuite name="PlayerTest" tests="2" skipped="0" failures="0" errors="0" timestamp="2020-04-16T05:35:10" hostname="Sres-MacBook-Pro.local" time="0.006">
  <properties/>
  <testcase name="shouldReturnCheat" classname="PlayerTest" time="0.004"/>
  <testcase name="shouldReturnCooperate" classname="PlayerTest" time="0.001"/>
  <system-out><![CDATA[]]></system-out>
  <system-err><![CDATA[]]></system-err>
</testsuite>
