<?xml version="1.0" encoding="UTF-8"?>
<testsuite name="ScoreBoardTest" tests="1" skipped="0" failures="0" errors="0" timestamp="2020-04-14T11:09:35" hostname="Sres-MacBook-Pro.local" time="0.003">
  <properties/>
  <testcase name="checkForAddingScore" classname="ScoreBoardTest" time="0.003"/>
  <system-out><![CDATA[]]></system-out>
  <system-err><![CDATA[]]></system-err>
</testsuite>
