<?xml version="1.0" encoding="UTF-8"?>
<testsuite name="DecisionsTest" tests="3" skipped="0" failures="0" errors="0" timestamp="2020-04-15T06:41:04" hostname="Sres-MacBook-Pro.local" time="0.003">
  <properties/>
  <testcase name="shouldReturnCheatForCHInput" classname="DecisionsTest" time="0.002"/>
  <testcase name="shouldReturnCooperateForCOInput" classname="DecisionsTest" time="0.0"/>
  <testcase name="shouldReturnNullForInvalidInput" classname="DecisionsTest" time="0.0"/>
  <system-out><![CDATA[]]></system-out>
  <system-err><![CDATA[]]></system-err>
</testsuite>
